<?xml version="1.0" encoding="UTF-8"?>
<testng-results skipped="0" failed="0" total="1" passed="1">
  <reporter-output>
  </reporter-output>
  <suite name="SmokeSuite" duration-ms="26217" started-at="2018-11-20T19:46:48Z" finished-at="2018-11-20T19:47:15Z">
    <groups>
    </groups>
    <test name="SmokeTest" duration-ms="26217" started-at="2018-11-20T19:46:48Z" finished-at="2018-11-20T19:47:15Z">
      <class name="com.project.Automation.TC_001">
        <test-method status="PASS" signature="Amazonsearch()[pri:0, instance:com.project.Automation.TC_001@26f67b76]" name="Amazonsearch" duration-ms="26202" started-at="2018-11-21T01:16:48Z" finished-at="2018-11-21T01:17:15Z">
          <reporter-output>
          </reporter-output>
        </test-method> <!-- Amazonsearch -->
      </class> <!-- com.project.Automation.TC_001 -->
    </test> <!-- SmokeTest -->
  </suite> <!-- SmokeSuite -->
</testng-results>
