<?xml version="1.0" encoding="UTF-8"?>
<testng-results skipped="0" failed="0" total="1" passed="1">
  <reporter-output>
  </reporter-output>
  <suite name="Default suite" duration-ms="102748" started-at="2018-11-18T14:48:40Z" finished-at="2018-11-18T14:50:23Z">
    <groups>
    </groups>
    <test name="Default test" duration-ms="102748" started-at="2018-11-18T14:48:40Z" finished-at="2018-11-18T14:50:23Z">
      <class name="com.project.Automation.TC_001">
        <test-method status="PASS" signature="Amazonsearch()[pri:0, instance:com.project.Automation.TC_001@5bcab519]" name="Amazonsearch" duration-ms="102720" started-at="2018-11-18T20:18:40Z" finished-at="2018-11-18T20:20:23Z">
          <reporter-output>
          </reporter-output>
        </test-method> <!-- Amazonsearch -->
      </class> <!-- com.project.Automation.TC_001 -->
    </test> <!-- Default test -->
  </suite> <!-- Default suite -->
</testng-results>
